<?xml version="1.0" encoding="UTF-8"?>
<!-- Generated by org.testng.reporters.JUnitReportReporter -->
<testsuite hostname="DESKTOP-5FGAFJ4" failures="0" tests="1" name="com.hrms.testscripts.TC_001" time="5.688" errors="0" timestamp="9 May 2023 11:45:19 GMT">
  <testcase classname="com.hrms.testscripts.TC_001" name="TC001" time="5.688"/>
</testsuite> <!-- com.hrms.testscripts.TC_001 -->
